Tue Mar 09 11:30:59 EET 2021 : Apache Derby Network Server - 10.11.1.2 - (1629631) started and ready to accept connections on port 1527
----------------------------------------------------------------
Tue Mar 09 11:30:59 EET 2021:
Booting Derby version The Apache Software Foundation - Apache Derby - 10.11.1.2 - (1629631): instance a816c00e-0178-1653-446c-ffff851ab38f 
on database directory C:\Users\ah633\Downloads\New folder\finally\New_folder3\New folder\Shopping_Cart\Shopping Cart with class loader sun.misc.Launcher$AppClassLoader@6f94fa3e 
Loaded from file:/C:/Program%20Files/Java/jdk1.8.0_111/db/lib/derby.jar
java.vendor=Oracle Corporation
java.runtime.version=1.8.0_111-b14
user.dir=C:\Program Files\Java\jdk1.8.0_111\db
os.name=Windows 10
os.arch=amd64
os.version=10.0
derby.system.home=C:\Users\ah633\Downloads\New folder\finally\New_folder3\New folder\Shopping_Cart
Database Class Loader started - derby.database.classpath=''
----------------------------------------------------------------
Tue Mar 09 11:48:52 EET 2021: Shutting down Derby engine
----------------------------------------------------------------
Tue Mar 09 11:48:52 EET 2021:
Shutting down instance a816c00e-0178-1653-446c-ffff851ab38f on database directory C:\Users\ah633\Downloads\New folder\finally\New_folder3\New folder\Shopping_Cart\Shopping Cart with class loader sun.misc.Launcher$AppClassLoader@6f94fa3e 
----------------------------------------------------------------
