Thu Dec 24 14:50:28 EET 2020 : Apache Derby Network Server - 10.10.2.0 - (1582446) started and ready to accept connections on port 1527
----------------------------------------------------------------
Thu Dec 24 14:51:02 EET 2020:
Booting Derby version The Apache Software Foundation - Apache Derby - 10.10.2.0 - (1582446): instance a816c00e-0176-94cc-f426-00005aa82808 
on database directory C:\Users\Dell\AppData\Roaming\NetBeans\Derby\Shopping Cart with class loader sun.misc.Launcher$AppClassLoader@144bcfa 
Loaded from file:/C:/Program%20Files%20(x86)/glassfish-4.1.1/javadb/lib/derby.jar
java.vendor=Oracle Corporation
java.runtime.version=1.8.0_231-b11
user.dir=C:\Program Files (x86)\glassfish-4.1.1\javadb
os.name=Windows 10
os.arch=x86
os.version=10.0
derby.system.home=C:\Users\Dell\AppData\Roaming\NetBeans\Derby
Database Class Loader started - derby.database.classpath=''
----------------------------------------------------------------
Thu Dec 24 14:51:03 EET 2020:
Shutting down instance a816c00e-0176-94cc-f426-00005aa82808 on database directory C:\Users\Dell\AppData\Roaming\NetBeans\Derby\Shopping Cart with class loader sun.misc.Launcher$AppClassLoader@144bcfa 
Thu Dec 24 14:51:03 EET 2020 Thread[DRDAConnThread_2,5,main] (DATABASE = Shopping Cart), (DRDAID = {2}), Database 'Shopping Cart' shutdown.
----------------------------------------------------------------
Thu Dec 24 14:52:29 EET 2020:
Booting Derby version The Apache Software Foundation - Apache Derby - 10.10.2.0 - (1582446): instance 560740aa-0176-94cc-f426-00005aa82808 
on database directory C:\Users\Dell\AppData\Roaming\NetBeans\Derby\Shopping Cart with class loader sun.misc.Launcher$AppClassLoader@144bcfa 
Loaded from file:/C:/Program%20Files%20(x86)/glassfish-4.1.1/javadb/lib/derby.jar
java.vendor=Oracle Corporation
java.runtime.version=1.8.0_231-b11
user.dir=C:\Program Files (x86)\glassfish-4.1.1\javadb
os.name=Windows 10
os.arch=x86
os.version=10.0
derby.system.home=C:\Users\Dell\AppData\Roaming\NetBeans\Derby
Database Class Loader started - derby.database.classpath=''
